!SESSION 2022-02-07 10:39:22.554 -----------------------------------------------
eclipse.buildId=unknown
java.version=11.0.13
java.vendor=Oracle Corporation
BootLoader constants: OS=linux, ARCH=x86_64, WS=gtk, NL=en_US
Command-line arguments:  -data /path/to/unique/per/project/workspace/folder

!ENTRY org.eclipse.osgi 4 0 2022-02-07 10:39:28.669
!MESSAGE An error occurred while automatically activating bundle org.eclipse.core.resources (26).
!STACK 0
org.osgi.framework.BundleException: Exception in org.eclipse.core.resources.ResourcesPlugin.start() of bundle org.eclipse.core.resources.
	at org.eclipse.osgi.internal.framework.BundleContextImpl.startActivator(BundleContextImpl.java:828)
	at org.eclipse.osgi.internal.framework.BundleContextImpl.start(BundleContextImpl.java:759)
	at org.eclipse.osgi.internal.framework.EquinoxBundle.startWorker0(EquinoxBundle.java:1019)
	at org.eclipse.osgi.internal.framework.EquinoxBundle$EquinoxModule.startWorker(EquinoxBundle.java:365)
	at org.eclipse.osgi.container.Module.doStart(Module.java:605)
	at org.eclipse.osgi.container.Module.start(Module.java:468)
	at org.eclipse.osgi.framework.util.SecureAction.start(SecureAction.java:404)
	at org.eclipse.osgi.internal.hooks.EclipseLazyStarter.postFindLocalClass(EclipseLazyStarter.java:117)
	at org.eclipse.osgi.internal.loader.classpath.ClasspathManager.findLocalClass(ClasspathManager.java:570)
	at org.eclipse.osgi.internal.loader.ModuleClassLoader.findLocalClass(ModuleClassLoader.java:335)
	at org.eclipse.osgi.internal.loader.BundleLoader.findLocalClass(BundleLoader.java:384)
	at org.eclipse.osgi.internal.loader.sources.SingleSourcePackage.loadClass(SingleSourcePackage.java:41)
	at org.eclipse.osgi.internal.loader.BundleLoader.findClass0(BundleLoader.java:471)
	at org.eclipse.osgi.internal.loader.BundleLoader.findClass(BundleLoader.java:403)
	at org.eclipse.osgi.internal.loader.ModuleClassLoader.loadClass(ModuleClassLoader.java:168)
	at java.base/java.lang.ClassLoader.loadClass(ClassLoader.java:522)
	at java.base/java.lang.Class.getDeclaredConstructors0(Native Method)
	at java.base/java.lang.Class.privateGetDeclaredConstructors(Class.java:3137)
	at java.base/java.lang.Class.getConstructor0(Class.java:3342)
	at java.base/java.lang.Class.getConstructor(Class.java:2151)
	at org.eclipse.osgi.internal.framework.BundleContextImpl.loadBundleActivator(BundleContextImpl.java:793)
	at org.eclipse.osgi.internal.framework.BundleContextImpl.start(BundleContextImpl.java:745)
	at org.eclipse.osgi.internal.framework.EquinoxBundle.startWorker0(EquinoxBundle.java:1019)
	at org.eclipse.osgi.internal.framework.EquinoxBundle$EquinoxModule.startWorker(EquinoxBundle.java:365)
	at org.eclipse.osgi.container.Module.doStart(Module.java:605)
	at org.eclipse.osgi.container.Module.start(Module.java:468)
	at org.eclipse.osgi.framework.util.SecureAction.start(SecureAction.java:404)
	at org.eclipse.osgi.internal.hooks.EclipseLazyStarter.postFindLocalClass(EclipseLazyStarter.java:117)
	at org.eclipse.osgi.internal.loader.classpath.ClasspathManager.findLocalClass(ClasspathManager.java:570)
	at org.eclipse.osgi.internal.loader.ModuleClassLoader.findLocalClass(ModuleClassLoader.java:335)
	at org.eclipse.osgi.internal.loader.BundleLoader.findLocalClass(BundleLoader.java:384)
	at org.eclipse.osgi.internal.loader.sources.SingleSourcePackage.loadClass(SingleSourcePackage.java:41)
	at org.eclipse.osgi.internal.loader.BundleLoader.findClass0(BundleLoader.java:471)
	at org.eclipse.osgi.internal.loader.BundleLoader.findClass(BundleLoader.java:403)
	at org.eclipse.osgi.internal.loader.ModuleClassLoader.loadClass(ModuleClassLoader.java:168)
	at java.base/java.lang.ClassLoader.loadClass(ClassLoader.java:522)
	at java.base/java.lang.Class.getDeclaredConstructors0(Native Method)
	at java.base/java.lang.Class.privateGetDeclaredConstructors(Class.java:3137)
	at java.base/java.lang.Class.getConstructor0(Class.java:3342)
	at java.base/java.lang.Class.getConstructor(Class.java:2151)
	at org.eclipse.osgi.internal.framework.BundleContextImpl.loadBundleActivator(BundleContextImpl.java:793)
	at org.eclipse.osgi.internal.framework.BundleContextImpl.start(BundleContextImpl.java:745)
	at org.eclipse.osgi.internal.framework.EquinoxBundle.startWorker0(EquinoxBundle.java:1019)
	at org.eclipse.osgi.internal.framework.EquinoxBundle$EquinoxModule.startWorker(EquinoxBundle.java:365)
	at org.eclipse.osgi.container.Module.doStart(Module.java:605)
	at org.eclipse.osgi.container.Module.start(Module.java:468)
	at org.eclipse.osgi.container.ModuleContainer$ContainerStartLevel.lambda$1(ModuleContainer.java:1834)
	at org.eclipse.osgi.container.ModuleContainer$ContainerStartLevel.incStartLevel(ModuleContainer.java:1829)
	at org.eclipse.osgi.container.ModuleContainer$ContainerStartLevel.incStartLevel(ModuleContainer.java:1777)
	at org.eclipse.osgi.container.ModuleContainer$ContainerStartLevel.doContainerStartLevel(ModuleContainer.java:1739)
	at org.eclipse.osgi.container.ModuleContainer$ContainerStartLevel.dispatchEvent(ModuleContainer.java:1661)
	at org.eclipse.osgi.container.ModuleContainer$ContainerStartLevel.dispatchEvent(ModuleContainer.java:1)
	at org.eclipse.osgi.framework.eventmgr.EventManager.dispatchEvent(EventManager.java:228)
	at org.eclipse.osgi.framework.eventmgr.EventManager$EventThread.run(EventManager.java:339)
Caused by: java.lang.IllegalStateException: The platform metadata area could not be written: /path/to/unique/per/project/workspace/folder/.metadata.  By default the platform writes its content
under the current working directory when the platform is launched.  Use the -data parameter to
specify a different content area for the platform.
	at org.eclipse.core.internal.runtime.DataArea.assertLocationInitialized(DataArea.java:73)
	at org.eclipse.core.internal.runtime.DataArea.getStateLocation(DataArea.java:136)
	at org.eclipse.core.internal.runtime.InternalPlatform.getStateLocation(InternalPlatform.java:470)
	at org.eclipse.core.runtime.Plugin.getStateLocation(Plugin.java:259)
	at org.eclipse.core.internal.resources.LocalMetaArea.<init>(LocalMetaArea.java:63)
	at org.eclipse.core.internal.resources.Workspace.<init>(Workspace.java:293)
	at org.eclipse.core.resources.ResourcesPlugin.start(ResourcesPlugin.java:474)
	at org.eclipse.osgi.internal.framework.BundleContextImpl.lambda$2(BundleContextImpl.java:808)
	at java.base/java.security.AccessController.doPrivileged(Native Method)
	at org.eclipse.osgi.internal.framework.BundleContextImpl.startActivator(BundleContextImpl.java:802)
	... 53 more
Root exception:
java.lang.IllegalStateException: The platform metadata area could not be written: /path/to/unique/per/project/workspace/folder/.metadata.  By default the platform writes its content
under the current working directory when the platform is launched.  Use the -data parameter to
specify a different content area for the platform.
	at org.eclipse.core.internal.runtime.DataArea.assertLocationInitialized(DataArea.java:73)
	at org.eclipse.core.internal.runtime.DataArea.getStateLocation(DataArea.java:136)
	at org.eclipse.core.internal.runtime.InternalPlatform.getStateLocation(InternalPlatform.java:470)
	at org.eclipse.core.runtime.Plugin.getStateLocation(Plugin.java:259)
	at org.eclipse.core.internal.resources.LocalMetaArea.<init>(LocalMetaArea.java:63)
	at org.eclipse.core.internal.resources.Workspace.<init>(Workspace.java:293)
	at org.eclipse.core.resources.ResourcesPlugin.start(ResourcesPlugin.java:474)
	at org.eclipse.osgi.internal.framework.BundleContextImpl.lambda$2(BundleContextImpl.java:808)
	at java.base/java.security.AccessController.doPrivileged(Native Method)
	at org.eclipse.osgi.internal.framework.BundleContextImpl.startActivator(BundleContextImpl.java:802)
	at org.eclipse.osgi.internal.framework.BundleContextImpl.start(BundleContextImpl.java:759)
	at org.eclipse.osgi.internal.framework.EquinoxBundle.startWorker0(EquinoxBundle.java:1019)
	at org.eclipse.osgi.internal.framework.EquinoxBundle$EquinoxModule.startWorker(EquinoxBundle.java:365)
	at org.eclipse.osgi.container.Module.doStart(Module.java:605)
	at org.eclipse.osgi.container.Module.start(Module.java:468)
	at org.eclipse.osgi.framework.util.SecureAction.start(SecureAction.java:404)
	at org.eclipse.osgi.internal.hooks.EclipseLazyStarter.postFindLocalClass(EclipseLazyStarter.java:117)
	at org.eclipse.osgi.internal.loader.classpath.ClasspathManager.findLocalClass(ClasspathManager.java:570)
	at org.eclipse.osgi.internal.loader.ModuleClassLoader.findLocalClass(ModuleClassLoader.java:335)
	at org.eclipse.osgi.internal.loader.BundleLoader.findLocalClass(BundleLoader.java:384)
	at org.eclipse.osgi.internal.loader.sources.SingleSourcePackage.loadClass(SingleSourcePackage.java:41)
	at org.eclipse.osgi.internal.loader.BundleLoader.findClass0(BundleLoader.java:471)
	at org.eclipse.osgi.internal.loader.BundleLoader.findClass(BundleLoader.java:403)
	at org.eclipse.osgi.internal.loader.ModuleClassLoader.loadClass(ModuleClassLoader.java:168)
	at java.base/java.lang.ClassLoader.loadClass(ClassLoader.java:522)
	at java.base/java.lang.Class.getDeclaredConstructors0(Native Method)
	at java.base/java.lang.Class.privateGetDeclaredConstructors(Class.java:3137)
	at java.base/java.lang.Class.getConstructor0(Class.java:3342)
	at java.base/java.lang.Class.getConstructor(Class.java:2151)
	at org.eclipse.osgi.internal.framework.BundleContextImpl.loadBundleActivator(BundleContextImpl.java:793)
	at org.eclipse.osgi.internal.framework.BundleContextImpl.start(BundleContextImpl.java:745)
	at org.eclipse.osgi.internal.framework.EquinoxBundle.startWorker0(EquinoxBundle.java:1019)
	at org.eclipse.osgi.internal.framework.EquinoxBundle$EquinoxModule.startWorker(EquinoxBundle.java:365)
	at org.eclipse.osgi.container.Module.doStart(Module.java:605)
	at org.eclipse.osgi.container.Module.start(Module.java:468)
	at org.eclipse.osgi.framework.util.SecureAction.start(SecureAction.java:404)
	at org.eclipse.osgi.internal.hooks.EclipseLazyStarter.postFindLocalClass(EclipseLazyStarter.java:117)
	at org.eclipse.osgi.internal.loader.classpath.ClasspathManager.findLocalClass(ClasspathManager.java:570)
	at org.eclipse.osgi.internal.loader.ModuleClassLoader.findLocalClass(ModuleClassLoader.java:335)
	at org.eclipse.osgi.internal.loader.BundleLoader.findLocalClass(BundleLoader.java:384)
	at org.eclipse.osgi.internal.loader.sources.SingleSourcePackage.loadClass(SingleSourcePackage.java:41)
	at org.eclipse.osgi.internal.loader.BundleLoader.findClass0(BundleLoader.java:471)
	at org.eclipse.osgi.internal.loader.BundleLoader.findClass(BundleLoader.java:403)
	at org.eclipse.osgi.internal.loader.ModuleClassLoader.loadClass(ModuleClassLoader.java:168)
	at java.base/java.lang.ClassLoader.loadClass(ClassLoader.java:522)
	at java.base/java.lang.Class.getDeclaredConstructors0(Native Method)
	at java.base/java.lang.Class.privateGetDeclaredConstructors(Class.java:3137)
	at java.base/java.lang.Class.getConstructor0(Class.java:3342)
	at java.base/java.lang.Class.getConstructor(Class.java:2151)
	at org.eclipse.osgi.internal.framework.BundleContextImpl.loadBundleActivator(BundleContextImpl.java:793)
	at org.eclipse.osgi.internal.framework.BundleContextImpl.start(BundleContextImpl.java:745)
	at org.eclipse.osgi.internal.framework.EquinoxBundle.startWorker0(EquinoxBundle.java:1019)
	at org.eclipse.osgi.internal.framework.EquinoxBundle$EquinoxModule.startWorker(EquinoxBundle.java:365)
	at org.eclipse.osgi.container.Module.doStart(Module.java:605)
	at org.eclipse.osgi.container.Module.start(Module.java:468)
	at org.eclipse.osgi.container.ModuleContainer$ContainerStartLevel.lambda$1(ModuleContainer.java:1834)
	at org.eclipse.osgi.container.ModuleContainer$ContainerStartLevel.incStartLevel(ModuleContainer.java:1829)
	at org.eclipse.osgi.container.ModuleContainer$ContainerStartLevel.incStartLevel(ModuleContainer.java:1777)
	at org.eclipse.osgi.container.ModuleContainer$ContainerStartLevel.doContainerStartLevel(ModuleContainer.java:1739)
	at org.eclipse.osgi.container.ModuleContainer$ContainerStartLevel.dispatchEvent(ModuleContainer.java:1661)
	at org.eclipse.osgi.container.ModuleContainer$ContainerStartLevel.dispatchEvent(ModuleContainer.java:1)
	at org.eclipse.osgi.framework.eventmgr.EventManager.dispatchEvent(EventManager.java:228)
	at org.eclipse.osgi.framework.eventmgr.EventManager$EventThread.run(EventManager.java:339)

!ENTRY org.eclipse.osgi 4 0 2022-02-07 10:39:28.672
!MESSAGE An error occurred while automatically activating bundle org.eclipse.jdt.core (47).
!STACK 0
org.osgi.framework.BundleException: Error starting module. osgi.identity; type="osgi.bundle"; version:Version="3.28.0.v20211117-1416"; osgi.identity="org.eclipse.jdt.core"; singleton:="true" [id=47]
	at org.eclipse.osgi.container.Module.doStart(Module.java:614)
	at org.eclipse.osgi.container.Module.start(Module.java:468)
	at org.eclipse.osgi.framework.util.SecureAction.start(SecureAction.java:404)
	at org.eclipse.osgi.internal.hooks.EclipseLazyStarter.postFindLocalClass(EclipseLazyStarter.java:117)
	at org.eclipse.osgi.internal.loader.classpath.ClasspathManager.findLocalClass(ClasspathManager.java:570)
	at org.eclipse.osgi.internal.loader.ModuleClassLoader.findLocalClass(ModuleClassLoader.java:335)
	at org.eclipse.osgi.internal.loader.BundleLoader.findLocalClass(BundleLoader.java:384)
	at org.eclipse.osgi.internal.loader.sources.SingleSourcePackage.loadClass(SingleSourcePackage.java:41)
	at org.eclipse.osgi.internal.loader.BundleLoader.findClass0(BundleLoader.java:471)
	at org.eclipse.osgi.internal.loader.BundleLoader.findClass(BundleLoader.java:403)
	at org.eclipse.osgi.internal.loader.ModuleClassLoader.loadClass(ModuleClassLoader.java:168)
	at java.base/java.lang.ClassLoader.loadClass(ClassLoader.java:522)
	at java.base/java.lang.Class.getDeclaredConstructors0(Native Method)
	at java.base/java.lang.Class.privateGetDeclaredConstructors(Class.java:3137)
	at java.base/java.lang.Class.getConstructor0(Class.java:3342)
	at java.base/java.lang.Class.getConstructor(Class.java:2151)
	at org.eclipse.osgi.internal.framework.BundleContextImpl.loadBundleActivator(BundleContextImpl.java:793)
	at org.eclipse.osgi.internal.framework.BundleContextImpl.start(BundleContextImpl.java:745)
	at org.eclipse.osgi.internal.framework.EquinoxBundle.startWorker0(EquinoxBundle.java:1019)
	at org.eclipse.osgi.internal.framework.EquinoxBundle$EquinoxModule.startWorker(EquinoxBundle.java:365)
	at org.eclipse.osgi.container.Module.doStart(Module.java:605)
	at org.eclipse.osgi.container.Module.start(Module.java:468)
	at org.eclipse.osgi.container.ModuleContainer$ContainerStartLevel.lambda$1(ModuleContainer.java:1834)
	at org.eclipse.osgi.container.ModuleContainer$ContainerStartLevel.incStartLevel(ModuleContainer.java:1829)
	at org.eclipse.osgi.container.ModuleContainer$ContainerStartLevel.incStartLevel(ModuleContainer.java:1777)
	at org.eclipse.osgi.container.ModuleContainer$ContainerStartLevel.doContainerStartLevel(ModuleContainer.java:1739)
	at org.eclipse.osgi.container.ModuleContainer$ContainerStartLevel.dispatchEvent(ModuleContainer.java:1661)
	at org.eclipse.osgi.container.ModuleContainer$ContainerStartLevel.dispatchEvent(ModuleContainer.java:1)
	at org.eclipse.osgi.framework.eventmgr.EventManager.dispatchEvent(EventManager.java:228)
	at org.eclipse.osgi.framework.eventmgr.EventManager$EventThread.run(EventManager.java:339)
Caused by: java.lang.NoClassDefFoundError: org/eclipse/core/resources/IWorkspaceRunnable
	at java.base/java.lang.Class.getDeclaredConstructors0(Native Method)
	at java.base/java.lang.Class.privateGetDeclaredConstructors(Class.java:3137)
	at java.base/java.lang.Class.getConstructor0(Class.java:3342)
	at java.base/java.lang.Class.getConstructor(Class.java:2151)
	at org.eclipse.osgi.internal.framework.BundleContextImpl.loadBundleActivator(BundleContextImpl.java:793)
	at org.eclipse.osgi.internal.framework.BundleContextImpl.start(BundleContextImpl.java:745)
	at org.eclipse.osgi.internal.framework.EquinoxBundle.startWorker0(EquinoxBundle.java:1019)
	at org.eclipse.osgi.internal.framework.EquinoxBundle$EquinoxModule.startWorker(EquinoxBundle.java:365)
	at org.eclipse.osgi.container.Module.doStart(Module.java:605)
	... 29 more
Caused by: java.lang.ClassNotFoundException: An error occurred while automatically activating bundle org.eclipse.core.resources (26).
	at org.eclipse.osgi.internal.hooks.EclipseLazyStarter.postFindLocalClass(EclipseLazyStarter.java:126)
	at org.eclipse.osgi.internal.loader.classpath.ClasspathManager.findLocalClass(ClasspathManager.java:570)
	at org.eclipse.osgi.internal.loader.ModuleClassLoader.findLocalClass(ModuleClassLoader.java:335)
	at org.eclipse.osgi.internal.loader.BundleLoader.findLocalClass(BundleLoader.java:384)
	at org.eclipse.osgi.internal.loader.sources.SingleSourcePackage.loadClass(SingleSourcePackage.java:41)
	at org.eclipse.osgi.internal.loader.BundleLoader.findClass0(BundleLoader.java:471)
	at org.eclipse.osgi.internal.loader.BundleLoader.findClass(BundleLoader.java:403)
	at org.eclipse.osgi.internal.loader.ModuleClassLoader.loadClass(ModuleClassLoader.java:168)
	at java.base/java.lang.ClassLoader.loadClass(ClassLoader.java:522)
	... 38 more
Caused by: org.osgi.framework.BundleException: Exception in org.eclipse.core.resources.ResourcesPlugin.start() of bundle org.eclipse.core.resources.
	at org.eclipse.osgi.internal.framework.BundleContextImpl.startActivator(BundleContextImpl.java:828)
	at org.eclipse.osgi.internal.framework.BundleContextImpl.start(BundleContextImpl.java:759)
	at org.eclipse.osgi.internal.framework.EquinoxBundle.startWorker0(EquinoxBundle.java:1019)
	at org.eclipse.osgi.internal.framework.EquinoxBundle$EquinoxModule.startWorker(EquinoxBundle.java:365)
	at org.eclipse.osgi.container.Module.doStart(Module.java:605)
	at org.eclipse.osgi.container.Module.start(Module.java:468)
	at org.eclipse.osgi.framework.util.SecureAction.start(SecureAction.java:404)
	at org.eclipse.osgi.internal.hooks.EclipseLazyStarter.postFindLocalClass(EclipseLazyStarter.java:117)
	... 46 more
Caused by: java.lang.IllegalStateException: The platform metadata area could not be written: /path/to/unique/per/project/workspace/folder/.metadata.  By default the platform writes its content
under the current working directory when the platform is launched.  Use the -data parameter to
specify a different content area for the platform.
	at org.eclipse.core.internal.runtime.DataArea.assertLocationInitialized(DataArea.java:73)
	at org.eclipse.core.internal.runtime.DataArea.getStateLocation(DataArea.java:136)
	at org.eclipse.core.internal.runtime.InternalPlatform.getStateLocation(InternalPlatform.java:470)
	at org.eclipse.core.runtime.Plugin.getStateLocation(Plugin.java:259)
	at org.eclipse.core.internal.resources.LocalMetaArea.<init>(LocalMetaArea.java:63)
	at org.eclipse.core.internal.resources.Workspace.<init>(Workspace.java:293)
	at org.eclipse.core.resources.ResourcesPlugin.start(ResourcesPlugin.java:474)
	at org.eclipse.osgi.internal.framework.BundleContextImpl.lambda$2(BundleContextImpl.java:808)
	at java.base/java.security.AccessController.doPrivileged(Native Method)
	at org.eclipse.osgi.internal.framework.BundleContextImpl.startActivator(BundleContextImpl.java:802)
	... 53 more
Root exception:
java.lang.NoClassDefFoundError: org/eclipse/core/resources/IWorkspaceRunnable
	at java.base/java.lang.Class.getDeclaredConstructors0(Native Method)
	at java.base/java.lang.Class.privateGetDeclaredConstructors(Class.java:3137)
	at java.base/java.lang.Class.getConstructor0(Class.java:3342)
	at java.base/java.lang.Class.getConstructor(Class.java:2151)
	at org.eclipse.osgi.internal.framework.BundleContextImpl.loadBundleActivator(BundleContextImpl.java:793)
	at org.eclipse.osgi.internal.framework.BundleContextImpl.start(BundleContextImpl.java:745)
	at org.eclipse.osgi.internal.framework.EquinoxBundle.startWorker0(EquinoxBundle.java:1019)
	at org.eclipse.osgi.internal.framework.EquinoxBundle$EquinoxModule.startWorker(EquinoxBundle.java:365)
	at org.eclipse.osgi.container.Module.doStart(Module.java:605)
	at org.eclipse.osgi.container.Module.start(Module.java:468)
	at org.eclipse.osgi.framework.util.SecureAction.start(SecureAction.java:404)
	at org.eclipse.osgi.internal.hooks.EclipseLazyStarter.postFindLocalClass(EclipseLazyStarter.java:117)
	at org.eclipse.osgi.internal.loader.classpath.ClasspathManager.findLocalClass(ClasspathManager.java:570)
	at org.eclipse.osgi.internal.loader.ModuleClassLoader.findLocalClass(ModuleClassLoader.java:335)
	at org.eclipse.osgi.internal.loader.BundleLoader.findLocalClass(BundleLoader.java:384)
	at org.eclipse.osgi.internal.loader.sources.SingleSourcePackage.loadClass(SingleSourcePackage.java:41)
	at org.eclipse.osgi.internal.loader.BundleLoader.findClass0(BundleLoader.java:471)
	at org.eclipse.osgi.internal.loader.BundleLoader.findClass(BundleLoader.java:403)
	at org.eclipse.osgi.internal.loader.ModuleClassLoader.loadClass(ModuleClassLoader.java:168)
	at java.base/java.lang.ClassLoader.loadClass(ClassLoader.java:522)
	at java.base/java.lang.Class.getDeclaredConstructors0(Native Method)
	at java.base/java.lang.Class.privateGetDeclaredConstructors(Class.java:3137)
	at java.base/java.lang.Class.getConstructor0(Class.java:3342)
	at java.base/java.lang.Class.getConstructor(Class.java:2151)
	at org.eclipse.osgi.internal.framework.BundleContextImpl.loadBundleActivator(BundleContextImpl.java:793)
	at org.eclipse.osgi.internal.framework.BundleContextImpl.start(BundleContextImpl.java:745)
	at org.eclipse.osgi.internal.framework.EquinoxBundle.startWorker0(EquinoxBundle.java:1019)
	at org.eclipse.osgi.internal.framework.EquinoxBundle$EquinoxModule.startWorker(EquinoxBundle.java:365)
	at org.eclipse.osgi.container.Module.doStart(Module.java:605)
	at org.eclipse.osgi.container.Module.start(Module.java:468)
	at org.eclipse.osgi.container.ModuleContainer$ContainerStartLevel.lambda$1(ModuleContainer.java:1834)
	at org.eclipse.osgi.container.ModuleContainer$ContainerStartLevel.incStartLevel(ModuleContainer.java:1829)
	at org.eclipse.osgi.container.ModuleContainer$ContainerStartLevel.incStartLevel(ModuleContainer.java:1777)
	at org.eclipse.osgi.container.ModuleContainer$ContainerStartLevel.doContainerStartLevel(ModuleContainer.java:1739)
	at org.eclipse.osgi.container.ModuleContainer$ContainerStartLevel.dispatchEvent(ModuleContainer.java:1661)
	at org.eclipse.osgi.container.ModuleContainer$ContainerStartLevel.dispatchEvent(ModuleContainer.java:1)
	at org.eclipse.osgi.framework.eventmgr.EventManager.dispatchEvent(EventManager.java:228)
	at org.eclipse.osgi.framework.eventmgr.EventManager$EventThread.run(EventManager.java:339)
Caused by: java.lang.ClassNotFoundException: An error occurred while automatically activating bundle org.eclipse.core.resources (26).
	at org.eclipse.osgi.internal.hooks.EclipseLazyStarter.postFindLocalClass(EclipseLazyStarter.java:126)
	at org.eclipse.osgi.internal.loader.classpath.ClasspathManager.findLocalClass(ClasspathManager.java:570)
	at org.eclipse.osgi.internal.loader.ModuleClassLoader.findLocalClass(ModuleClassLoader.java:335)
	at org.eclipse.osgi.internal.loader.BundleLoader.findLocalClass(BundleLoader.java:384)
	at org.eclipse.osgi.internal.loader.sources.SingleSourcePackage.loadClass(SingleSourcePackage.java:41)
	at org.eclipse.osgi.internal.loader.BundleLoader.findClass0(BundleLoader.java:471)
	at org.eclipse.osgi.internal.loader.BundleLoader.findClass(BundleLoader.java:403)
	at org.eclipse.osgi.internal.loader.ModuleClassLoader.loadClass(ModuleClassLoader.java:168)
	at java.base/java.lang.ClassLoader.loadClass(ClassLoader.java:522)
	... 38 more
Caused by: org.osgi.framework.BundleException: Exception in org.eclipse.core.resources.ResourcesPlugin.start() of bundle org.eclipse.core.resources.
	at org.eclipse.osgi.internal.framework.BundleContextImpl.startActivator(BundleContextImpl.java:828)
	at org.eclipse.osgi.internal.framework.BundleContextImpl.start(BundleContextImpl.java:759)
	at org.eclipse.osgi.internal.framework.EquinoxBundle.startWorker0(EquinoxBundle.java:1019)
	at org.eclipse.osgi.internal.framework.EquinoxBundle$EquinoxModule.startWorker(EquinoxBundle.java:365)
	at org.eclipse.osgi.container.Module.doStart(Module.java:605)
	at org.eclipse.osgi.container.Module.start(Module.java:468)
	at org.eclipse.osgi.framework.util.SecureAction.start(SecureAction.java:404)
	at org.eclipse.osgi.internal.hooks.EclipseLazyStarter.postFindLocalClass(EclipseLazyStarter.java:117)
	... 46 more
Caused by: java.lang.IllegalStateException: The platform metadata area could not be written: /path/to/unique/per/project/workspace/folder/.metadata.  By default the platform writes its content
under the current working directory when the platform is launched.  Use the -data parameter to
specify a different content area for the platform.
	at org.eclipse.core.internal.runtime.DataArea.assertLocationInitialized(DataArea.java:73)
	at org.eclipse.core.internal.runtime.DataArea.getStateLocation(DataArea.java:136)
	at org.eclipse.core.internal.runtime.InternalPlatform.getStateLocation(InternalPlatform.java:470)
	at org.eclipse.core.runtime.Plugin.getStateLocation(Plugin.java:259)
	at org.eclipse.core.internal.resources.LocalMetaArea.<init>(LocalMetaArea.java:63)
	at org.eclipse.core.internal.resources.Workspace.<init>(Workspace.java:293)
	at org.eclipse.core.resources.ResourcesPlugin.start(ResourcesPlugin.java:474)
	at org.eclipse.osgi.internal.framework.BundleContextImpl.lambda$2(BundleContextImpl.java:808)
	at java.base/java.security.AccessController.doPrivileged(Native Method)
	at org.eclipse.osgi.internal.framework.BundleContextImpl.startActivator(BundleContextImpl.java:802)
	... 53 more

!ENTRY org.eclipse.jdt.ls.core 4 0 2022-02-07 10:39:28.674
!MESSAGE FrameworkEvent ERROR
!STACK 0
org.osgi.framework.BundleException: Error starting module. osgi.identity; type="osgi.bundle"; version:Version="1.7.0.202112022229"; osgi.identity="org.eclipse.jdt.ls.core"; singleton:="true" [id=53]
	at org.eclipse.osgi.container.Module.doStart(Module.java:614)
	at org.eclipse.osgi.container.Module.start(Module.java:468)
	at org.eclipse.osgi.container.ModuleContainer$ContainerStartLevel.lambda$1(ModuleContainer.java:1834)
	at org.eclipse.osgi.container.ModuleContainer$ContainerStartLevel.incStartLevel(ModuleContainer.java:1829)
	at org.eclipse.osgi.container.ModuleContainer$ContainerStartLevel.incStartLevel(ModuleContainer.java:1777)
	at org.eclipse.osgi.container.ModuleContainer$ContainerStartLevel.doContainerStartLevel(ModuleContainer.java:1739)
	at org.eclipse.osgi.container.ModuleContainer$ContainerStartLevel.dispatchEvent(ModuleContainer.java:1661)
	at org.eclipse.osgi.container.ModuleContainer$ContainerStartLevel.dispatchEvent(ModuleContainer.java:1)
	at org.eclipse.osgi.framework.eventmgr.EventManager.dispatchEvent(EventManager.java:228)
	at org.eclipse.osgi.framework.eventmgr.EventManager$EventThread.run(EventManager.java:339)
Caused by: java.lang.NoClassDefFoundError: org/eclipse/jdt/core/WorkingCopyOwner
	at java.base/java.lang.Class.getDeclaredConstructors0(Native Method)
	at java.base/java.lang.Class.privateGetDeclaredConstructors(Class.java:3137)
	at java.base/java.lang.Class.getConstructor0(Class.java:3342)
	at java.base/java.lang.Class.getConstructor(Class.java:2151)
	at org.eclipse.osgi.internal.framework.BundleContextImpl.loadBundleActivator(BundleContextImpl.java:793)
	at org.eclipse.osgi.internal.framework.BundleContextImpl.start(BundleContextImpl.java:745)
	at org.eclipse.osgi.internal.framework.EquinoxBundle.startWorker0(EquinoxBundle.java:1019)
	at org.eclipse.osgi.internal.framework.EquinoxBundle$EquinoxModule.startWorker(EquinoxBundle.java:365)
	at org.eclipse.osgi.container.Module.doStart(Module.java:605)
	... 9 more
Caused by: java.lang.ClassNotFoundException: An error occurred while automatically activating bundle org.eclipse.jdt.core (47).
	at org.eclipse.osgi.internal.hooks.EclipseLazyStarter.postFindLocalClass(EclipseLazyStarter.java:126)
	at org.eclipse.osgi.internal.loader.classpath.ClasspathManager.findLocalClass(ClasspathManager.java:570)
	at org.eclipse.osgi.internal.loader.ModuleClassLoader.findLocalClass(ModuleClassLoader.java:335)
	at org.eclipse.osgi.internal.loader.BundleLoader.findLocalClass(BundleLoader.java:384)
	at org.eclipse.osgi.internal.loader.sources.SingleSourcePackage.loadClass(SingleSourcePackage.java:41)
	at org.eclipse.osgi.internal.loader.BundleLoader.findClass0(BundleLoader.java:471)
	at org.eclipse.osgi.internal.loader.BundleLoader.findClass(BundleLoader.java:403)
	at org.eclipse.osgi.internal.loader.ModuleClassLoader.loadClass(ModuleClassLoader.java:168)
	at java.base/java.lang.ClassLoader.loadClass(ClassLoader.java:522)
	... 18 more
Caused by: org.osgi.framework.BundleException: Error starting module. osgi.identity; type="osgi.bundle"; version:Version="3.28.0.v20211117-1416"; osgi.identity="org.eclipse.jdt.core"; singleton:="true" [id=47]
	at org.eclipse.osgi.container.Module.doStart(Module.java:614)
	at org.eclipse.osgi.container.Module.start(Module.java:468)
	at org.eclipse.osgi.framework.util.SecureAction.start(SecureAction.java:404)
	at org.eclipse.osgi.internal.hooks.EclipseLazyStarter.postFindLocalClass(EclipseLazyStarter.java:117)
	... 26 more
Caused by: java.lang.NoClassDefFoundError: org/eclipse/core/resources/IWorkspaceRunnable
	at java.base/java.lang.Class.getDeclaredConstructors0(Native Method)
	at java.base/java.lang.Class.privateGetDeclaredConstructors(Class.java:3137)
	at java.base/java.lang.Class.getConstructor0(Class.java:3342)
	at java.base/java.lang.Class.getConstructor(Class.java:2151)
	at org.eclipse.osgi.internal.framework.BundleContextImpl.loadBundleActivator(BundleContextImpl.java:793)
	at org.eclipse.osgi.internal.framework.BundleContextImpl.start(BundleContextImpl.java:745)
	at org.eclipse.osgi.internal.framework.EquinoxBundle.startWorker0(EquinoxBundle.java:1019)
	at org.eclipse.osgi.internal.framework.EquinoxBundle$EquinoxModule.startWorker(EquinoxBundle.java:365)
	at org.eclipse.osgi.container.Module.doStart(Module.java:605)
	... 29 more
Caused by: java.lang.ClassNotFoundException: An error occurred while automatically activating bundle org.eclipse.core.resources (26).
	at org.eclipse.osgi.internal.hooks.EclipseLazyStarter.postFindLocalClass(EclipseLazyStarter.java:126)
	at org.eclipse.osgi.internal.loader.classpath.ClasspathManager.findLocalClass(ClasspathManager.java:570)
	at org.eclipse.osgi.internal.loader.ModuleClassLoader.findLocalClass(ModuleClassLoader.java:335)
	at org.eclipse.osgi.internal.loader.BundleLoader.findLocalClass(BundleLoader.java:384)
	at org.eclipse.osgi.internal.loader.sources.SingleSourcePackage.loadClass(SingleSourcePackage.java:41)
	at org.eclipse.osgi.internal.loader.BundleLoader.findClass0(BundleLoader.java:471)
	at org.eclipse.osgi.internal.loader.BundleLoader.findClass(BundleLoader.java:403)
	at org.eclipse.osgi.internal.loader.ModuleClassLoader.loadClass(ModuleClassLoader.java:168)
	at java.base/java.lang.ClassLoader.loadClass(ClassLoader.java:522)
	... 38 more
Caused by: org.osgi.framework.BundleException: Exception in org.eclipse.core.resources.ResourcesPlugin.start() of bundle org.eclipse.core.resources.
	at org.eclipse.osgi.internal.framework.BundleContextImpl.startActivator(BundleContextImpl.java:828)
	at org.eclipse.osgi.internal.framework.BundleContextImpl.start(BundleContextImpl.java:759)
	at org.eclipse.osgi.internal.framework.EquinoxBundle.startWorker0(EquinoxBundle.java:1019)
	at org.eclipse.osgi.internal.framework.EquinoxBundle$EquinoxModule.startWorker(EquinoxBundle.java:365)
	at org.eclipse.osgi.container.Module.doStart(Module.java:605)
	at org.eclipse.osgi.container.Module.start(Module.java:468)
	at org.eclipse.osgi.framework.util.SecureAction.start(SecureAction.java:404)
	at org.eclipse.osgi.internal.hooks.EclipseLazyStarter.postFindLocalClass(EclipseLazyStarter.java:117)
	... 46 more
Caused by: java.lang.IllegalStateException: The platform metadata area could not be written: /path/to/unique/per/project/workspace/folder/.metadata.  By default the platform writes its content
under the current working directory when the platform is launched.  Use the -data parameter to
specify a different content area for the platform.
	at org.eclipse.core.internal.runtime.DataArea.assertLocationInitialized(DataArea.java:73)
	at org.eclipse.core.internal.runtime.DataArea.getStateLocation(DataArea.java:136)
	at org.eclipse.core.internal.runtime.InternalPlatform.getStateLocation(InternalPlatform.java:470)
	at org.eclipse.core.runtime.Plugin.getStateLocation(Plugin.java:259)
	at org.eclipse.core.internal.resources.LocalMetaArea.<init>(LocalMetaArea.java:63)
	at org.eclipse.core.internal.resources.Workspace.<init>(Workspace.java:293)
	at org.eclipse.core.resources.ResourcesPlugin.start(ResourcesPlugin.java:474)
	at org.eclipse.osgi.internal.framework.BundleContextImpl.lambda$2(BundleContextImpl.java:808)
	at java.base/java.security.AccessController.doPrivileged(Native Method)
	at org.eclipse.osgi.internal.framework.BundleContextImpl.startActivator(BundleContextImpl.java:802)
	... 53 more
Root exception:
java.lang.NoClassDefFoundError: org/eclipse/jdt/core/WorkingCopyOwner
	at java.base/java.lang.Class.getDeclaredConstructors0(Native Method)
	at java.base/java.lang.Class.privateGetDeclaredConstructors(Class.java:3137)
	at java.base/java.lang.Class.getConstructor0(Class.java:3342)
	at java.base/java.lang.Class.getConstructor(Class.java:2151)
	at org.eclipse.osgi.internal.framework.BundleContextImpl.loadBundleActivator(BundleContextImpl.java:793)
	at org.eclipse.osgi.internal.framework.BundleContextImpl.start(BundleContextImpl.java:745)
	at org.eclipse.osgi.internal.framework.EquinoxBundle.startWorker0(EquinoxBundle.java:1019)
	at org.eclipse.osgi.internal.framework.EquinoxBundle$EquinoxModule.startWorker(EquinoxBundle.java:365)
	at org.eclipse.osgi.container.Module.doStart(Module.java:605)
	at org.eclipse.osgi.container.Module.start(Module.java:468)
	at org.eclipse.osgi.container.ModuleContainer$ContainerStartLevel.lambda$1(ModuleContainer.java:1834)
	at org.eclipse.osgi.container.ModuleContainer$ContainerStartLevel.incStartLevel(ModuleContainer.java:1829)
	at org.eclipse.osgi.container.ModuleContainer$ContainerStartLevel.incStartLevel(ModuleContainer.java:1777)
	at org.eclipse.osgi.container.ModuleContainer$ContainerStartLevel.doContainerStartLevel(ModuleContainer.java:1739)
	at org.eclipse.osgi.container.ModuleContainer$ContainerStartLevel.dispatchEvent(ModuleContainer.java:1661)
	at org.eclipse.osgi.container.ModuleContainer$ContainerStartLevel.dispatchEvent(ModuleContainer.java:1)
	at org.eclipse.osgi.framework.eventmgr.EventManager.dispatchEvent(EventManager.java:228)
	at org.eclipse.osgi.framework.eventmgr.EventManager$EventThread.run(EventManager.java:339)
Caused by: java.lang.ClassNotFoundException: An error occurred while automatically activating bundle org.eclipse.jdt.core (47).
	at org.eclipse.osgi.internal.hooks.EclipseLazyStarter.postFindLocalClass(EclipseLazyStarter.java:126)
	at org.eclipse.osgi.internal.loader.classpath.ClasspathManager.findLocalClass(ClasspathManager.java:570)
	at org.eclipse.osgi.internal.loader.ModuleClassLoader.findLocalClass(ModuleClassLoader.java:335)
	at org.eclipse.osgi.internal.loader.BundleLoader.findLocalClass(BundleLoader.java:384)
	at org.eclipse.osgi.internal.loader.sources.SingleSourcePackage.loadClass(SingleSourcePackage.java:41)
	at org.eclipse.osgi.internal.loader.BundleLoader.findClass0(BundleLoader.java:471)
	at org.eclipse.osgi.internal.loader.BundleLoader.findClass(BundleLoader.java:403)
	at org.eclipse.osgi.internal.loader.ModuleClassLoader.loadClass(ModuleClassLoader.java:168)
	at java.base/java.lang.ClassLoader.loadClass(ClassLoader.java:522)
	... 18 more
Caused by: org.osgi.framework.BundleException: Error starting module. osgi.identity; type="osgi.bundle"; version:Version="3.28.0.v20211117-1416"; osgi.identity="org.eclipse.jdt.core"; singleton:="true" [id=47]
	at org.eclipse.osgi.container.Module.doStart(Module.java:614)
	at org.eclipse.osgi.container.Module.start(Module.java:468)
	at org.eclipse.osgi.framework.util.SecureAction.start(SecureAction.java:404)
	at org.eclipse.osgi.internal.hooks.EclipseLazyStarter.postFindLocalClass(EclipseLazyStarter.java:117)
	... 26 more
Caused by: java.lang.NoClassDefFoundError: org/eclipse/core/resources/IWorkspaceRunnable
	at java.base/java.lang.Class.getDeclaredConstructors0(Native Method)
	at java.base/java.lang.Class.privateGetDeclaredConstructors(Class.java:3137)
	at java.base/java.lang.Class.getConstructor0(Class.java:3342)
	at java.base/java.lang.Class.getConstructor(Class.java:2151)
	at org.eclipse.osgi.internal.framework.BundleContextImpl.loadBundleActivator(BundleContextImpl.java:793)
	at org.eclipse.osgi.internal.framework.BundleContextImpl.start(BundleContextImpl.java:745)
	at org.eclipse.osgi.internal.framework.EquinoxBundle.startWorker0(EquinoxBundle.java:1019)
	at org.eclipse.osgi.internal.framework.EquinoxBundle$EquinoxModule.startWorker(EquinoxBundle.java:365)
	at org.eclipse.osgi.container.Module.doStart(Module.java:605)
	... 29 more
Caused by: java.lang.ClassNotFoundException: An error occurred while automatically activating bundle org.eclipse.core.resources (26).
	at org.eclipse.osgi.internal.hooks.EclipseLazyStarter.postFindLocalClass(EclipseLazyStarter.java:126)
	at org.eclipse.osgi.internal.loader.classpath.ClasspathManager.findLocalClass(ClasspathManager.java:570)
	at org.eclipse.osgi.internal.loader.ModuleClassLoader.findLocalClass(ModuleClassLoader.java:335)
	at org.eclipse.osgi.internal.loader.BundleLoader.findLocalClass(BundleLoader.java:384)
	at org.eclipse.osgi.internal.loader.sources.SingleSourcePackage.loadClass(SingleSourcePackage.java:41)
	at org.eclipse.osgi.internal.loader.BundleLoader.findClass0(BundleLoader.java:471)
	at org.eclipse.osgi.internal.loader.BundleLoader.findClass(BundleLoader.java:403)
	at org.eclipse.osgi.internal.loader.ModuleClassLoader.loadClass(ModuleClassLoader.java:168)
	at java.base/java.lang.ClassLoader.loadClass(ClassLoader.java:522)
	... 38 more
Caused by: org.osgi.framework.BundleException: Exception in org.eclipse.core.resources.ResourcesPlugin.start() of bundle org.eclipse.core.resources.
	at org.eclipse.osgi.internal.framework.BundleContextImpl.startActivator(BundleContextImpl.java:828)
	at org.eclipse.osgi.internal.framework.BundleContextImpl.start(BundleContextImpl.java:759)
	at org.eclipse.osgi.internal.framework.EquinoxBundle.startWorker0(EquinoxBundle.java:1019)
	at org.eclipse.osgi.internal.framework.EquinoxBundle$EquinoxModule.startWorker(EquinoxBundle.java:365)
	at org.eclipse.osgi.container.Module.doStart(Module.java:605)
	at org.eclipse.osgi.container.Module.start(Module.java:468)
	at org.eclipse.osgi.framework.util.SecureAction.start(SecureAction.java:404)
	at org.eclipse.osgi.internal.hooks.EclipseLazyStarter.postFindLocalClass(EclipseLazyStarter.java:117)
	... 46 more
Caused by: java.lang.IllegalStateException: The platform metadata area could not be written: /path/to/unique/per/project/workspace/folder/.metadata.  By default the platform writes its content
under the current working directory when the platform is launched.  Use the -data parameter to
specify a different content area for the platform.
	at org.eclipse.core.internal.runtime.DataArea.assertLocationInitialized(DataArea.java:73)
	at org.eclipse.core.internal.runtime.DataArea.getStateLocation(DataArea.java:136)
	at org.eclipse.core.internal.runtime.InternalPlatform.getStateLocation(InternalPlatform.java:470)
	at org.eclipse.core.runtime.Plugin.getStateLocation(Plugin.java:259)
	at org.eclipse.core.internal.resources.LocalMetaArea.<init>(LocalMetaArea.java:63)
	at org.eclipse.core.internal.resources.Workspace.<init>(Workspace.java:293)
	at org.eclipse.core.resources.ResourcesPlugin.start(ResourcesPlugin.java:474)
	at org.eclipse.osgi.internal.framework.BundleContextImpl.lambda$2(BundleContextImpl.java:808)
	at java.base/java.security.AccessController.doPrivileged(Native Method)
	at org.eclipse.osgi.internal.framework.BundleContextImpl.startActivator(BundleContextImpl.java:802)
	... 53 more

!ENTRY org.eclipse.osgi 4 0 2022-02-07 10:39:28.890
!MESSAGE Bundle org.eclipse.jdt.ls.core_1.7.0.202112022229 [53] is not active.

!ENTRY org.eclipse.osgi 4 0 2022-02-07 10:39:28.927
!MESSAGE An error occurred while automatically activating bundle org.eclipse.jdt.ls.core (53).
!STACK 0
org.osgi.framework.BundleException: Error starting module. osgi.identity; type="osgi.bundle"; version:Version="1.7.0.202112022229"; osgi.identity="org.eclipse.jdt.ls.core"; singleton:="true" [id=53]
	at org.eclipse.osgi.container.Module.doStart(Module.java:614)
	at org.eclipse.osgi.container.Module.start(Module.java:468)
	at org.eclipse.osgi.framework.util.SecureAction.start(SecureAction.java:404)
	at org.eclipse.osgi.internal.hooks.EclipseLazyStarter.postFindLocalClass(EclipseLazyStarter.java:117)
	at org.eclipse.osgi.internal.loader.classpath.ClasspathManager.findLocalClass(ClasspathManager.java:570)
	at org.eclipse.osgi.internal.loader.ModuleClassLoader.findLocalClass(ModuleClassLoader.java:335)
	at org.eclipse.osgi.internal.loader.BundleLoader.findLocalClass(BundleLoader.java:384)
	at org.eclipse.osgi.internal.loader.BundleLoader.findClass0(BundleLoader.java:475)
	at org.eclipse.osgi.internal.loader.BundleLoader.findClass(BundleLoader.java:403)
	at org.eclipse.osgi.internal.loader.ModuleClassLoader.loadClass(ModuleClassLoader.java:168)
	at java.base/java.lang.ClassLoader.loadClass(ClassLoader.java:522)
	at org.eclipse.osgi.internal.framework.EquinoxBundle.loadClass(EquinoxBundle.java:616)
	at org.eclipse.core.internal.registry.osgi.RegistryStrategyOSGI.createExecutableExtension(RegistryStrategyOSGI.java:196)
	at org.eclipse.core.internal.registry.ExtensionRegistry.createExecutableExtension(ExtensionRegistry.java:920)
	at org.eclipse.core.internal.registry.ConfigurationElement.createExecutableExtension(ConfigurationElement.java:246)
	at org.eclipse.core.internal.registry.ConfigurationElementHandle.createExecutableExtension(ConfigurationElementHandle.java:63)
	at org.eclipse.equinox.internal.app.EclipseAppHandle.run(EclipseAppHandle.java:198)
	at org.eclipse.core.runtime.internal.adaptor.EclipseAppLauncher.runApplication(EclipseAppLauncher.java:136)
	at org.eclipse.core.runtime.internal.adaptor.EclipseAppLauncher.start(EclipseAppLauncher.java:104)
	at org.eclipse.core.runtime.adaptor.EclipseStarter.run(EclipseStarter.java:401)
	at org.eclipse.core.runtime.adaptor.EclipseStarter.run(EclipseStarter.java:255)
	at java.base/jdk.internal.reflect.NativeMethodAccessorImpl.invoke0(Native Method)
	at java.base/jdk.internal.reflect.NativeMethodAccessorImpl.invoke(NativeMethodAccessorImpl.java:62)
	at java.base/jdk.internal.reflect.DelegatingMethodAccessorImpl.invoke(DelegatingMethodAccessorImpl.java:43)
	at java.base/java.lang.reflect.Method.invoke(Method.java:566)
	at org.eclipse.equinox.launcher.Main.invokeFramework(Main.java:659)
	at org.eclipse.equinox.launcher.Main.basicRun(Main.java:596)
	at org.eclipse.equinox.launcher.Main.run(Main.java:1467)
	at org.eclipse.equinox.launcher.Main.main(Main.java:1440)
Caused by: java.lang.NoClassDefFoundError: org/eclipse/jdt/core/WorkingCopyOwner
	at java.base/java.lang.Class.getDeclaredConstructors0(Native Method)
	at java.base/java.lang.Class.privateGetDeclaredConstructors(Class.java:3137)
	at java.base/java.lang.Class.getConstructor0(Class.java:3342)
	at java.base/java.lang.Class.getConstructor(Class.java:2151)
	at org.eclipse.osgi.internal.framework.BundleContextImpl.loadBundleActivator(BundleContextImpl.java:793)
	at org.eclipse.osgi.internal.framework.BundleContextImpl.start(BundleContextImpl.java:745)
	at org.eclipse.osgi.internal.framework.EquinoxBundle.startWorker0(EquinoxBundle.java:1019)
	at org.eclipse.osgi.internal.framework.EquinoxBundle$EquinoxModule.startWorker(EquinoxBundle.java:365)
	at org.eclipse.osgi.container.Module.doStart(Module.java:605)
	... 28 more
Caused by: java.lang.ClassNotFoundException: An error occurred while automatically activating bundle org.eclipse.jdt.core (47).
	at org.eclipse.osgi.internal.hooks.EclipseLazyStarter.postFindLocalClass(EclipseLazyStarter.java:126)
	at org.eclipse.osgi.internal.loader.classpath.ClasspathManager.findLocalClass(ClasspathManager.java:570)
	at org.eclipse.osgi.internal.loader.ModuleClassLoader.findLocalClass(ModuleClassLoader.java:335)
	at org.eclipse.osgi.internal.loader.BundleLoader.findLocalClass(BundleLoader.java:384)
	at org.eclipse.osgi.internal.loader.sources.SingleSourcePackage.loadClass(SingleSourcePackage.java:41)
	at org.eclipse.osgi.internal.loader.BundleLoader.findClass0(BundleLoader.java:471)
	at org.eclipse.osgi.internal.loader.BundleLoader.findClass(BundleLoader.java:403)
	at org.eclipse.osgi.internal.loader.ModuleClassLoader.loadClass(ModuleClassLoader.java:168)
	at java.base/java.lang.ClassLoader.loadClass(ClassLoader.java:522)
	at java.base/java.lang.Class.getDeclaredConstructors0(Native Method)
	at java.base/java.lang.Class.privateGetDeclaredConstructors(Class.java:3137)
	at java.base/java.lang.Class.getConstructor0(Class.java:3342)
	at java.base/java.lang.Class.getConstructor(Class.java:2151)
	at org.eclipse.osgi.internal.framework.BundleContextImpl.loadBundleActivator(BundleContextImpl.java:793)
	at org.eclipse.osgi.internal.framework.BundleContextImpl.start(BundleContextImpl.java:745)
	at org.eclipse.osgi.internal.framework.EquinoxBundle.startWorker0(EquinoxBundle.java:1019)
	at org.eclipse.osgi.internal.framework.EquinoxBundle$EquinoxModule.startWorker(EquinoxBundle.java:365)
	at org.eclipse.osgi.container.Module.doStart(Module.java:605)
	at org.eclipse.osgi.container.Module.start(Module.java:468)
	at org.eclipse.osgi.container.ModuleContainer$ContainerStartLevel.lambda$1(ModuleContainer.java:1834)
	at org.eclipse.osgi.container.ModuleContainer$ContainerStartLevel.incStartLevel(ModuleContainer.java:1829)
	at org.eclipse.osgi.container.ModuleContainer$ContainerStartLevel.incStartLevel(ModuleContainer.java:1777)
	at org.eclipse.osgi.container.ModuleContainer$ContainerStartLevel.doContainerStartLevel(ModuleContainer.java:1739)
	at org.eclipse.osgi.container.ModuleContainer$ContainerStartLevel.dispatchEvent(ModuleContainer.java:1661)
	at org.eclipse.osgi.container.ModuleContainer$ContainerStartLevel.dispatchEvent(ModuleContainer.java:1)
	at org.eclipse.osgi.framework.eventmgr.EventManager.dispatchEvent(EventManager.java:228)
	at org.eclipse.osgi.framework.eventmgr.EventManager$EventThread.run(EventManager.java:339)
Caused by: org.osgi.framework.BundleException: Error starting module. osgi.identity; type="osgi.bundle"; version:Version="3.28.0.v20211117-1416"; osgi.identity="org.eclipse.jdt.core"; singleton:="true" [id=47]
	at org.eclipse.osgi.container.Module.doStart(Module.java:614)
	at org.eclipse.osgi.container.Module.start(Module.java:468)
	at org.eclipse.osgi.framework.util.SecureAction.start(SecureAction.java:404)
	at org.eclipse.osgi.internal.hooks.EclipseLazyStarter.postFindLocalClass(EclipseLazyStarter.java:117)
	... 26 more
Caused by: java.lang.NoClassDefFoundError: org/eclipse/core/resources/IWorkspaceRunnable
	at java.base/java.lang.Class.getDeclaredConstructors0(Native Method)
	at java.base/java.lang.Class.privateGetDeclaredConstructors(Class.java:3137)
	at java.base/java.lang.Class.getConstructor0(Class.java:3342)
	at java.base/java.lang.Class.getConstructor(Class.java:2151)
	at org.eclipse.osgi.internal.framework.BundleContextImpl.loadBundleActivator(BundleContextImpl.java:793)
	at org.eclipse.osgi.internal.framework.BundleContextImpl.start(BundleContextImpl.java:745)
	at org.eclipse.osgi.internal.framework.EquinoxBundle.startWorker0(EquinoxBundle.java:1019)
	at org.eclipse.osgi.internal.framework.EquinoxBundle$EquinoxModule.startWorker(EquinoxBundle.java:365)
	at org.eclipse.osgi.container.Module.doStart(Module.java:605)
	... 29 more
Caused by: java.lang.ClassNotFoundException: An error occurred while automatically activating bundle org.eclipse.core.resources (26).
	at org.eclipse.osgi.internal.hooks.EclipseLazyStarter.postFindLocalClass(EclipseLazyStarter.java:126)
	at org.eclipse.osgi.internal.loader.classpath.ClasspathManager.findLocalClass(ClasspathManager.java:570)
	at org.eclipse.osgi.internal.loader.ModuleClassLoader.findLocalClass(ModuleClassLoader.java:335)
	at org.eclipse.osgi.internal.loader.BundleLoader.findLocalClass(BundleLoader.java:384)
	at org.eclipse.osgi.internal.loader.sources.SingleSourcePackage.loadClass(SingleSourcePackage.java:41)
	at org.eclipse.osgi.internal.loader.BundleLoader.findClass0(BundleLoader.java:471)
	at org.eclipse.osgi.internal.loader.BundleLoader.findClass(BundleLoader.java:403)
	at org.eclipse.osgi.internal.loader.ModuleClassLoader.loadClass(ModuleClassLoader.java:168)
	at java.base/java.lang.ClassLoader.loadClass(ClassLoader.java:522)
	... 38 more
Caused by: org.osgi.framework.BundleException: Exception in org.eclipse.core.resources.ResourcesPlugin.start() of bundle org.eclipse.core.resources.
	at org.eclipse.osgi.internal.framework.BundleContextImpl.startActivator(BundleContextImpl.java:828)
	at org.eclipse.osgi.internal.framework.BundleContextImpl.start(BundleContextImpl.java:759)
	at org.eclipse.osgi.internal.framework.EquinoxBundle.startWorker0(EquinoxBundle.java:1019)
	at org.eclipse.osgi.internal.framework.EquinoxBundle$EquinoxModule.startWorker(EquinoxBundle.java:365)
	at org.eclipse.osgi.container.Module.doStart(Module.java:605)
	at org.eclipse.osgi.container.Module.start(Module.java:468)
	at org.eclipse.osgi.framework.util.SecureAction.start(SecureAction.java:404)
	at org.eclipse.osgi.internal.hooks.EclipseLazyStarter.postFindLocalClass(EclipseLazyStarter.java:117)
	... 46 more
Caused by: java.lang.IllegalStateException: The platform metadata area could not be written: /path/to/unique/per/project/workspace/folder/.metadata.  By default the platform writes its content
under the current working directory when the platform is launched.  Use the -data parameter to
specify a different content area for the platform.
	at org.eclipse.core.internal.runtime.DataArea.assertLocationInitialized(DataArea.java:73)
	at org.eclipse.core.internal.runtime.DataArea.getStateLocation(DataArea.java:136)
	at org.eclipse.core.internal.runtime.InternalPlatform.getStateLocation(InternalPlatform.java:470)
	at org.eclipse.core.runtime.Plugin.getStateLocation(Plugin.java:259)
	at org.eclipse.core.internal.resources.LocalMetaArea.<init>(LocalMetaArea.java:63)
	at org.eclipse.core.internal.resources.Workspace.<init>(Workspace.java:293)
	at org.eclipse.core.resources.ResourcesPlugin.start(ResourcesPlugin.java:474)
	at org.eclipse.osgi.internal.framework.BundleContextImpl.lambda$2(BundleContextImpl.java:808)
	at java.base/java.security.AccessController.doPrivileged(Native Method)
	at org.eclipse.osgi.internal.framework.BundleContextImpl.startActivator(BundleContextImpl.java:802)
	... 53 more
Root exception:
java.lang.NoClassDefFoundError: org/eclipse/jdt/core/WorkingCopyOwner
	at java.base/java.lang.Class.getDeclaredConstructors0(Native Method)
	at java.base/java.lang.Class.privateGetDeclaredConstructors(Class.java:3137)
	at java.base/java.lang.Class.getConstructor0(Class.java:3342)
	at java.base/java.lang.Class.getConstructor(Class.java:2151)
	at org.eclipse.osgi.internal.framework.BundleContextImpl.loadBundleActivator(BundleContextImpl.java:793)
	at org.eclipse.osgi.internal.framework.BundleContextImpl.start(BundleContextImpl.java:745)
	at org.eclipse.osgi.internal.framework.EquinoxBundle.startWorker0(EquinoxBundle.java:1019)
	at org.eclipse.osgi.internal.framework.EquinoxBundle$EquinoxModule.startWorker(EquinoxBundle.java:365)
	at org.eclipse.osgi.container.Module.doStart(Module.java:605)
	at org.eclipse.osgi.container.Module.start(Module.java:468)
	at org.eclipse.osgi.framework.util.SecureAction.start(SecureAction.java:404)
	at org.eclipse.osgi.internal.hooks.EclipseLazyStarter.postFindLocalClass(EclipseLazyStarter.java:117)
	at org.eclipse.osgi.internal.loader.classpath.ClasspathManager.findLocalClass(ClasspathManager.java:570)
	at org.eclipse.osgi.internal.loader.ModuleClassLoader.findLocalClass(ModuleClassLoader.java:335)
	at org.eclipse.osgi.internal.loader.BundleLoader.findLocalClass(BundleLoader.java:384)
	at org.eclipse.osgi.internal.loader.BundleLoader.findClass0(BundleLoader.java:475)
	at org.eclipse.osgi.internal.loader.BundleLoader.findClass(BundleLoader.java:403)
	at org.eclipse.osgi.internal.loader.ModuleClassLoader.loadClass(ModuleClassLoader.java:168)
	at java.base/java.lang.ClassLoader.loadClass(ClassLoader.java:522)
	at org.eclipse.osgi.internal.framework.EquinoxBundle.loadClass(EquinoxBundle.java:616)
	at org.eclipse.core.internal.registry.osgi.RegistryStrategyOSGI.createExecutableExtension(RegistryStrategyOSGI.java:196)
	at org.eclipse.core.internal.registry.ExtensionRegistry.createExecutableExtension(ExtensionRegistry.java:920)
	at org.eclipse.core.internal.registry.ConfigurationElement.createExecutableExtension(ConfigurationElement.java:246)
	at org.eclipse.core.internal.registry.ConfigurationElementHandle.createExecutableExtension(ConfigurationElementHandle.java:63)
	at org.eclipse.equinox.internal.app.EclipseAppHandle.run(EclipseAppHandle.java:198)
	at org.eclipse.core.runtime.internal.adaptor.EclipseAppLauncher.runApplication(EclipseAppLauncher.java:136)
	at org.eclipse.core.runtime.internal.adaptor.EclipseAppLauncher.start(EclipseAppLauncher.java:104)
	at org.eclipse.core.runtime.adaptor.EclipseStarter.run(EclipseStarter.java:401)
	at org.eclipse.core.runtime.adaptor.EclipseStarter.run(EclipseStarter.java:255)
	at java.base/jdk.internal.reflect.NativeMethodAccessorImpl.invoke0(Native Method)
	at java.base/jdk.internal.reflect.NativeMethodAccessorImpl.invoke(NativeMethodAccessorImpl.java:62)
	at java.base/jdk.internal.reflect.DelegatingMethodAccessorImpl.invoke(DelegatingMethodAccessorImpl.java:43)
	at java.base/java.lang.reflect.Method.invoke(Method.java:566)
	at org.eclipse.equinox.launcher.Main.invokeFramework(Main.java:659)
	at org.eclipse.equinox.launcher.Main.basicRun(Main.java:596)
	at org.eclipse.equinox.launcher.Main.run(Main.java:1467)
	at org.eclipse.equinox.launcher.Main.main(Main.java:1440)
Caused by: java.lang.ClassNotFoundException: An error occurred while automatically activating bundle org.eclipse.jdt.core (47).
	at org.eclipse.osgi.internal.hooks.EclipseLazyStarter.postFindLocalClass(EclipseLazyStarter.java:126)
	at org.eclipse.osgi.internal.loader.classpath.ClasspathManager.findLocalClass(ClasspathManager.java:570)
	at org.eclipse.osgi.internal.loader.ModuleClassLoader.findLocalClass(ModuleClassLoader.java:335)
	at org.eclipse.osgi.internal.loader.BundleLoader.findLocalClass(BundleLoader.java:384)
	at org.eclipse.osgi.internal.loader.sources.SingleSourcePackage.loadClass(SingleSourcePackage.java:41)
	at org.eclipse.osgi.internal.loader.BundleLoader.findClass0(BundleLoader.java:471)
	at org.eclipse.osgi.internal.loader.BundleLoader.findClass(BundleLoader.java:403)
	at org.eclipse.osgi.internal.loader.ModuleClassLoader.loadClass(ModuleClassLoader.java:168)
	at java.base/java.lang.ClassLoader.loadClass(ClassLoader.java:522)
	at java.base/java.lang.Class.getDeclaredConstructors0(Native Method)
	at java.base/java.lang.Class.privateGetDeclaredConstructors(Class.java:3137)
	at java.base/java.lang.Class.getConstructor0(Class.java:3342)
	at java.base/java.lang.Class.getConstructor(Class.java:2151)
	at org.eclipse.osgi.internal.framework.BundleContextImpl.loadBundleActivator(BundleContextImpl.java:793)
	at org.eclipse.osgi.internal.framework.BundleContextImpl.start(BundleContextImpl.java:745)
	at org.eclipse.osgi.internal.framework.EquinoxBundle.startWorker0(EquinoxBundle.java:1019)
	at org.eclipse.osgi.internal.framework.EquinoxBundle$EquinoxModule.startWorker(EquinoxBundle.java:365)
	at org.eclipse.osgi.container.Module.doStart(Module.java:605)
	at org.eclipse.osgi.container.Module.start(Module.java:468)
	at org.eclipse.osgi.container.ModuleContainer$ContainerStartLevel.lambda$1(ModuleContainer.java:1834)
	at org.eclipse.osgi.container.ModuleContainer$ContainerStartLevel.incStartLevel(ModuleContainer.java:1829)
	at org.eclipse.osgi.container.ModuleContainer$ContainerStartLevel.incStartLevel(ModuleContainer.java:1777)
	at org.eclipse.osgi.container.ModuleContainer$ContainerStartLevel.doContainerStartLevel(ModuleContainer.java:1739)
	at org.eclipse.osgi.container.ModuleContainer$ContainerStartLevel.dispatchEvent(ModuleContainer.java:1661)
	at org.eclipse.osgi.container.ModuleContainer$ContainerStartLevel.dispatchEvent(ModuleContainer.java:1)
	at org.eclipse.osgi.framework.eventmgr.EventManager.dispatchEvent(EventManager.java:228)
	at org.eclipse.osgi.framework.eventmgr.EventManager$EventThread.run(EventManager.java:339)
Caused by: org.osgi.framework.BundleException: Error starting module. osgi.identity; type="osgi.bundle"; version:Version="3.28.0.v20211117-1416"; osgi.identity="org.eclipse.jdt.core"; singleton:="true" [id=47]
	at org.eclipse.osgi.container.Module.doStart(Module.java:614)
	at org.eclipse.osgi.container.Module.start(Module.java:468)
	at org.eclipse.osgi.framework.util.SecureAction.start(SecureAction.java:404)
	at org.eclipse.osgi.internal.hooks.EclipseLazyStarter.postFindLocalClass(EclipseLazyStarter.java:117)
	... 26 more
Caused by: java.lang.NoClassDefFoundError: org/eclipse/core/resources/IWorkspaceRunnable
	at java.base/java.lang.Class.getDeclaredConstructors0(Native Method)
	at java.base/java.lang.Class.privateGetDeclaredConstructors(Class.java:3137)
	at java.base/java.lang.Class.getConstructor0(Class.java:3342)
	at java.base/java.lang.Class.getConstructor(Class.java:2151)
	at org.eclipse.osgi.internal.framework.BundleContextImpl.loadBundleActivator(BundleContextImpl.java:793)
	at org.eclipse.osgi.internal.framework.BundleContextImpl.start(BundleContextImpl.java:745)
	at org.eclipse.osgi.internal.framework.EquinoxBundle.startWorker0(EquinoxBundle.java:1019)
	at org.eclipse.osgi.internal.framework.EquinoxBundle$EquinoxModule.startWorker(EquinoxBundle.java:365)
	at org.eclipse.osgi.container.Module.doStart(Module.java:605)
	... 29 more
Caused by: java.lang.ClassNotFoundException: An error occurred while automatically activating bundle org.eclipse.core.resources (26).
	at org.eclipse.osgi.internal.hooks.EclipseLazyStarter.postFindLocalClass(EclipseLazyStarter.java:126)
	at org.eclipse.osgi.internal.loader.classpath.ClasspathManager.findLocalClass(ClasspathManager.java:570)
	at org.eclipse.osgi.internal.loader.ModuleClassLoader.findLocalClass(ModuleClassLoader.java:335)
	at org.eclipse.osgi.internal.loader.BundleLoader.findLocalClass(BundleLoader.java:384)
	at org.eclipse.osgi.internal.loader.sources.SingleSourcePackage.loadClass(SingleSourcePackage.java:41)
	at org.eclipse.osgi.internal.loader.BundleLoader.findClass0(BundleLoader.java:471)
	at org.eclipse.osgi.internal.loader.BundleLoader.findClass(BundleLoader.java:403)
	at org.eclipse.osgi.internal.loader.ModuleClassLoader.loadClass(ModuleClassLoader.java:168)
	at java.base/java.lang.ClassLoader.loadClass(ClassLoader.java:522)
	... 38 more
Caused by: org.osgi.framework.BundleException: Exception in org.eclipse.core.resources.ResourcesPlugin.start() of bundle org.eclipse.core.resources.
	at org.eclipse.osgi.internal.framework.BundleContextImpl.startActivator(BundleContextImpl.java:828)
	at org.eclipse.osgi.internal.framework.BundleContextImpl.start(BundleContextImpl.java:759)
	at org.eclipse.osgi.internal.framework.EquinoxBundle.startWorker0(EquinoxBundle.java:1019)
	at org.eclipse.osgi.internal.framework.EquinoxBundle$EquinoxModule.startWorker(EquinoxBundle.java:365)
	at org.eclipse.osgi.container.Module.doStart(Module.java:605)
	at org.eclipse.osgi.container.Module.start(Module.java:468)
	at org.eclipse.osgi.framework.util.SecureAction.start(SecureAction.java:404)
	at org.eclipse.osgi.internal.hooks.EclipseLazyStarter.postFindLocalClass(EclipseLazyStarter.java:117)
	... 46 more
Caused by: java.lang.IllegalStateException: The platform metadata area could not be written: /path/to/unique/per/project/workspace/folder/.metadata.  By default the platform writes its content
under the current working directory when the platform is launched.  Use the -data parameter to
specify a different content area for the platform.
	at org.eclipse.core.internal.runtime.DataArea.assertLocationInitialized(DataArea.java:73)
	at org.eclipse.core.internal.runtime.DataArea.getStateLocation(DataArea.java:136)
	at org.eclipse.core.internal.runtime.InternalPlatform.getStateLocation(InternalPlatform.java:470)
	at org.eclipse.core.runtime.Plugin.getStateLocation(Plugin.java:259)
	at org.eclipse.core.internal.resources.LocalMetaArea.<init>(LocalMetaArea.java:63)
	at org.eclipse.core.internal.resources.Workspace.<init>(Workspace.java:293)
	at org.eclipse.core.resources.ResourcesPlugin.start(ResourcesPlugin.java:474)
	at org.eclipse.osgi.internal.framework.BundleContextImpl.lambda$2(BundleContextImpl.java:808)
	at java.base/java.security.AccessController.doPrivileged(Native Method)
	at org.eclipse.osgi.internal.framework.BundleContextImpl.startActivator(BundleContextImpl.java:802)
	... 53 more

!ENTRY org.eclipse.osgi 4 0 2022-02-07 10:39:28.939
!MESSAGE Application error
!STACK 1
org.eclipse.core.runtime.CoreException: Plug-in org.eclipse.jdt.ls.core was unable to load class org.eclipse.jdt.ls.core.internal.LanguageServer.
	at org.eclipse.core.internal.registry.osgi.RegistryStrategyOSGI.throwException(RegistryStrategyOSGI.java:212)
	at org.eclipse.core.internal.registry.osgi.RegistryStrategyOSGI.createExecutableExtension(RegistryStrategyOSGI.java:198)
	at org.eclipse.core.internal.registry.ExtensionRegistry.createExecutableExtension(ExtensionRegistry.java:920)
	at org.eclipse.core.internal.registry.ConfigurationElement.createExecutableExtension(ConfigurationElement.java:246)
	at org.eclipse.core.internal.registry.ConfigurationElementHandle.createExecutableExtension(ConfigurationElementHandle.java:63)
	at org.eclipse.equinox.internal.app.EclipseAppHandle.run(EclipseAppHandle.java:198)
	at org.eclipse.core.runtime.internal.adaptor.EclipseAppLauncher.runApplication(EclipseAppLauncher.java:136)
	at org.eclipse.core.runtime.internal.adaptor.EclipseAppLauncher.start(EclipseAppLauncher.java:104)
	at org.eclipse.core.runtime.adaptor.EclipseStarter.run(EclipseStarter.java:401)
	at org.eclipse.core.runtime.adaptor.EclipseStarter.run(EclipseStarter.java:255)
	at java.base/jdk.internal.reflect.NativeMethodAccessorImpl.invoke0(Native Method)
	at java.base/jdk.internal.reflect.NativeMethodAccessorImpl.invoke(NativeMethodAccessorImpl.java:62)
	at java.base/jdk.internal.reflect.DelegatingMethodAccessorImpl.invoke(DelegatingMethodAccessorImpl.java:43)
	at java.base/java.lang.reflect.Method.invoke(Method.java:566)
	at org.eclipse.equinox.launcher.Main.invokeFramework(Main.java:659)
	at org.eclipse.equinox.launcher.Main.basicRun(Main.java:596)
	at org.eclipse.equinox.launcher.Main.run(Main.java:1467)
	at org.eclipse.equinox.launcher.Main.main(Main.java:1440)
Caused by: java.lang.ClassNotFoundException: An error occurred while automatically activating bundle org.eclipse.jdt.ls.core (53).
	at org.eclipse.osgi.internal.hooks.EclipseLazyStarter.postFindLocalClass(EclipseLazyStarter.java:126)
	at org.eclipse.osgi.internal.loader.classpath.ClasspathManager.findLocalClass(ClasspathManager.java:570)
	at org.eclipse.osgi.internal.loader.ModuleClassLoader.findLocalClass(ModuleClassLoader.java:335)
	at org.eclipse.osgi.internal.loader.BundleLoader.findLocalClass(BundleLoader.java:384)
	at org.eclipse.osgi.internal.loader.BundleLoader.findClass0(BundleLoader.java:475)
	at org.eclipse.osgi.internal.loader.BundleLoader.findClass(BundleLoader.java:403)
	at org.eclipse.osgi.internal.loader.ModuleClassLoader.loadClass(ModuleClassLoader.java:168)
	at java.base/java.lang.ClassLoader.loadClass(ClassLoader.java:522)
	at org.eclipse.osgi.internal.framework.EquinoxBundle.loadClass(EquinoxBundle.java:616)
	at org.eclipse.core.internal.registry.osgi.RegistryStrategyOSGI.createExecutableExtension(RegistryStrategyOSGI.java:196)
	... 16 more
Caused by: org.osgi.framework.BundleException: Error starting module. osgi.identity; type="osgi.bundle"; version:Version="1.7.0.202112022229"; osgi.identity="org.eclipse.jdt.ls.core"; singleton:="true" [id=53]
	at org.eclipse.osgi.container.Module.doStart(Module.java:614)
	at org.eclipse.osgi.container.Module.start(Module.java:468)
	at org.eclipse.osgi.framework.util.SecureAction.start(SecureAction.java:404)
	at org.eclipse.osgi.internal.hooks.EclipseLazyStarter.postFindLocalClass(EclipseLazyStarter.java:117)
	... 25 more
Caused by: java.lang.NoClassDefFoundError: org/eclipse/jdt/core/WorkingCopyOwner
	at java.base/java.lang.Class.getDeclaredConstructors0(Native Method)
	at java.base/java.lang.Class.privateGetDeclaredConstructors(Class.java:3137)
	at java.base/java.lang.Class.getConstructor0(Class.java:3342)
	at java.base/java.lang.Class.getConstructor(Class.java:2151)
	at org.eclipse.osgi.internal.framework.BundleContextImpl.loadBundleActivator(BundleContextImpl.java:793)
	at org.eclipse.osgi.internal.framework.BundleContextImpl.start(BundleContextImpl.java:745)
	at org.eclipse.osgi.internal.framework.EquinoxBundle.startWorker0(EquinoxBundle.java:1019)
	at org.eclipse.osgi.internal.framework.EquinoxBundle$EquinoxModule.startWorker(EquinoxBundle.java:365)
	at org.eclipse.osgi.container.Module.doStart(Module.java:605)
	... 28 more
Caused by: java.lang.ClassNotFoundException: An error occurred while automatically activating bundle org.eclipse.jdt.core (47).
	at org.eclipse.osgi.internal.hooks.EclipseLazyStarter.postFindLocalClass(EclipseLazyStarter.java:126)
	at org.eclipse.osgi.internal.loader.classpath.ClasspathManager.findLocalClass(ClasspathManager.java:570)
	at org.eclipse.osgi.internal.loader.ModuleClassLoader.findLocalClass(ModuleClassLoader.java:335)
	at org.eclipse.osgi.internal.loader.BundleLoader.findLocalClass(BundleLoader.java:384)
	at org.eclipse.osgi.internal.loader.sources.SingleSourcePackage.loadClass(SingleSourcePackage.java:41)
	at org.eclipse.osgi.internal.loader.BundleLoader.findClass0(BundleLoader.java:471)
	at org.eclipse.osgi.internal.loader.BundleLoader.findClass(BundleLoader.java:403)
	at org.eclipse.osgi.internal.loader.ModuleClassLoader.loadClass(ModuleClassLoader.java:168)
	at java.base/java.lang.ClassLoader.loadClass(ClassLoader.java:522)
	at java.base/java.lang.Class.getDeclaredConstructors0(Native Method)
	at java.base/java.lang.Class.privateGetDeclaredConstructors(Class.java:3137)
	at java.base/java.lang.Class.getConstructor0(Class.java:3342)
	at java.base/java.lang.Class.getConstructor(Class.java:2151)
	at org.eclipse.osgi.internal.framework.BundleContextImpl.loadBundleActivator(BundleContextImpl.java:793)
	at org.eclipse.osgi.internal.framework.BundleContextImpl.start(BundleContextImpl.java:745)
	at org.eclipse.osgi.internal.framework.EquinoxBundle.startWorker0(EquinoxBundle.java:1019)
	at org.eclipse.osgi.internal.framework.EquinoxBundle$EquinoxModule.startWorker(EquinoxBundle.java:365)
	at org.eclipse.osgi.container.Module.doStart(Module.java:605)
	at org.eclipse.osgi.container.Module.start(Module.java:468)
	at org.eclipse.osgi.container.ModuleContainer$ContainerStartLevel.lambda$1(ModuleContainer.java:1834)
	at org.eclipse.osgi.container.ModuleContainer$ContainerStartLevel.incStartLevel(ModuleContainer.java:1829)
	at org.eclipse.osgi.container.ModuleContainer$ContainerStartLevel.incStartLevel(ModuleContainer.java:1777)
	at org.eclipse.osgi.container.ModuleContainer$ContainerStartLevel.doContainerStartLevel(ModuleContainer.java:1739)
	at org.eclipse.osgi.container.ModuleContainer$ContainerStartLevel.dispatchEvent(ModuleContainer.java:1661)
	at org.eclipse.osgi.container.ModuleContainer$ContainerStartLevel.dispatchEvent(ModuleContainer.java:1)
	at org.eclipse.osgi.framework.eventmgr.EventManager.dispatchEvent(EventManager.java:228)
	at org.eclipse.osgi.framework.eventmgr.EventManager$EventThread.run(EventManager.java:339)
Caused by: org.osgi.framework.BundleException: Error starting module. osgi.identity; type="osgi.bundle"; version:Version="3.28.0.v20211117-1416"; osgi.identity="org.eclipse.jdt.core"; singleton:="true" [id=47]
	at org.eclipse.osgi.container.Module.doStart(Module.java:614)
	at org.eclipse.osgi.container.Module.start(Module.java:468)
	at org.eclipse.osgi.framework.util.SecureAction.start(SecureAction.java:404)
	at org.eclipse.osgi.internal.hooks.EclipseLazyStarter.postFindLocalClass(EclipseLazyStarter.java:117)
	... 26 more
Caused by: java.lang.NoClassDefFoundError: org/eclipse/core/resources/IWorkspaceRunnable
	at java.base/java.lang.Class.getDeclaredConstructors0(Native Method)
	at java.base/java.lang.Class.privateGetDeclaredConstructors(Class.java:3137)
	at java.base/java.lang.Class.getConstructor0(Class.java:3342)
	at java.base/java.lang.Class.getConstructor(Class.java:2151)
	at org.eclipse.osgi.internal.framework.BundleContextImpl.loadBundleActivator(BundleContextImpl.java:793)
	at org.eclipse.osgi.internal.framework.BundleContextImpl.start(BundleContextImpl.java:745)
	at org.eclipse.osgi.internal.framework.EquinoxBundle.startWorker0(EquinoxBundle.java:1019)
	at org.eclipse.osgi.internal.framework.EquinoxBundle$EquinoxModule.startWorker(EquinoxBundle.java:365)
	at org.eclipse.osgi.container.Module.doStart(Module.java:605)
	... 29 more
Caused by: java.lang.ClassNotFoundException: An error occurred while automatically activating bundle org.eclipse.core.resources (26).
	at org.eclipse.osgi.internal.hooks.EclipseLazyStarter.postFindLocalClass(EclipseLazyStarter.java:126)
	at org.eclipse.osgi.internal.loader.classpath.ClasspathManager.findLocalClass(ClasspathManager.java:570)
	at org.eclipse.osgi.internal.loader.ModuleClassLoader.findLocalClass(ModuleClassLoader.java:335)
	at org.eclipse.osgi.internal.loader.BundleLoader.findLocalClass(BundleLoader.java:384)
	at org.eclipse.osgi.internal.loader.sources.SingleSourcePackage.loadClass(SingleSourcePackage.java:41)
	at org.eclipse.osgi.internal.loader.BundleLoader.findClass0(BundleLoader.java:471)
	at org.eclipse.osgi.internal.loader.BundleLoader.findClass(BundleLoader.java:403)
	at org.eclipse.osgi.internal.loader.ModuleClassLoader.loadClass(ModuleClassLoader.java:168)
	at java.base/java.lang.ClassLoader.loadClass(ClassLoader.java:522)
	... 38 more
Caused by: org.osgi.framework.BundleException: Exception in org.eclipse.core.resources.ResourcesPlugin.start() of bundle org.eclipse.core.resources.
	at org.eclipse.osgi.internal.framework.BundleContextImpl.startActivator(BundleContextImpl.java:828)
	at org.eclipse.osgi.internal.framework.BundleContextImpl.start(BundleContextImpl.java:759)
	at org.eclipse.osgi.internal.framework.EquinoxBundle.startWorker0(EquinoxBundle.java:1019)
	at org.eclipse.osgi.internal.framework.EquinoxBundle$EquinoxModule.startWorker(EquinoxBundle.java:365)
	at org.eclipse.osgi.container.Module.doStart(Module.java:605)
	at org.eclipse.osgi.container.Module.start(Module.java:468)
	at org.eclipse.osgi.framework.util.SecureAction.start(SecureAction.java:404)
	at org.eclipse.osgi.internal.hooks.EclipseLazyStarter.postFindLocalClass(EclipseLazyStarter.java:117)
	... 46 more
Caused by: java.lang.IllegalStateException: The platform metadata area could not be written: /path/to/unique/per/project/workspace/folder/.metadata.  By default the platform writes its content
under the current working directory when the platform is launched.  Use the -data parameter to
specify a different content area for the platform.
	at org.eclipse.core.internal.runtime.DataArea.assertLocationInitialized(DataArea.java:73)
	at org.eclipse.core.internal.runtime.DataArea.getStateLocation(DataArea.java:136)
	at org.eclipse.core.internal.runtime.InternalPlatform.getStateLocation(InternalPlatform.java:470)
	at org.eclipse.core.runtime.Plugin.getStateLocation(Plugin.java:259)
	at org.eclipse.core.internal.resources.LocalMetaArea.<init>(LocalMetaArea.java:63)
	at org.eclipse.core.internal.resources.Workspace.<init>(Workspace.java:293)
	at org.eclipse.core.resources.ResourcesPlugin.start(ResourcesPlugin.java:474)
	at org.eclipse.osgi.internal.framework.BundleContextImpl.lambda$2(BundleContextImpl.java:808)
	at java.base/java.security.AccessController.doPrivileged(Native Method)
	at org.eclipse.osgi.internal.framework.BundleContextImpl.startActivator(BundleContextImpl.java:802)
	... 53 more
